<?xml version="1.0" encoding="UTF-8"?>
<testng-results ignored="0" total="2" passed="2" failed="0" skipped="0">
  <reporter-output>
  </reporter-output>
  <suite started-at="2021-11-11T16:38:04 EST" name="All Test Suite" finished-at="2021-11-11T16:38:11 EST" duration-ms="6277">
    <groups>
    </groups>
    <test started-at="2021-11-11T16:38:04 EST" name="/home/automationtester/git/Selenium4" finished-at="2021-11-11T16:38:11 EST" duration-ms="6277">
      <class name="test.SelectingTextBoxes">
        <test-method signature="TC01_testByClassName_countIs4()[pri:0, instance:test.SelectingTextBoxes@667a738]" started-at="2021-11-11T16:38:04 EST" name="TC01_testByClassName_countIs4" finished-at="2021-11-11T16:38:08 EST" duration-ms="3466" status="PASS">
          <reporter-output>
          </reporter-output>
        </test-method> <!-- TC01_testByClassName_countIs4 -->
        <test-method signature="TC02_testByClassName_countIs4()[pri:0, instance:test.SelectingTextBoxes@667a738]" started-at="2021-11-11T16:38:08 EST" name="TC02_testByClassName_countIs4" finished-at="2021-11-11T16:38:11 EST" duration-ms="2783" status="PASS">
          <reporter-output>
          </reporter-output>
        </test-method> <!-- TC02_testByClassName_countIs4 -->
      </class> <!-- test.SelectingTextBoxes -->
    </test> <!-- /home/automationtester/git/Selenium4 -->
  </suite> <!-- All Test Suite -->
</testng-results>
