<?xml version="1.0" encoding="UTF-8"?>
<!-- Generated by org.testng.reporters.JUnitXMLReporter -->
<testsuite ignored="0" hostname="automationtester1" failures="0" tests="2" name="/home/automationtester/git/Selenium4" time="6.372" errors="0" timestamp="2021-11-11T16:20:41 EST">
  <testcase classname="test.SelectingTextBoxes" name="TC01_testByClassName_countIs4" time="3.506"/>
  <testcase classname="test.SelectingTextBoxes" name="TC02_testByClassName_countIs4" time="2.839"/>
</testsuite> <!-- /home/automationtester/git/Selenium4 -->
